[INFO ] 2018-08-06T09:42:58,894Z [main] webserver.CmdLineOptions.loadConfig - Config:
{
    # hardcoded value
    "baseDirectory" : "/opt/corda",
    # /opt/corda/node.conf: 3
    "compatibilityZoneURL" : "https://map.testnet.corda.network",
    # /opt/corda/node.conf: 4
    "devMode" : false,
    # /opt/corda/node.conf: 5
    "emailAddress" : "koolestnitesh@gmail.com",
    # /opt/corda/node.conf: 6
    "extraAdvertisedServiceIds" : [],
    # /opt/corda/node.conf: 7
    "jarDirs" : [
        # /opt/corda/node.conf: 8
        "plugins",
        # /opt/corda/node.conf: 9
        "cordapps"
    ],
    # /opt/corda/node.conf: 11
    "keyStorePassword" : "d8e46bef-6365-483e-ba99-bfe875c289fb",
    # /opt/corda/node.conf: 12
    "myLegalName" : "O=C0c101d47-6e80-4636-8a92-440d1ddaad3b, L=London, C=GB",
    # /opt/corda/node.conf: 13
    "p2pAddress" : "13.250.178.0:10002",
    # /opt/corda/node.conf: 14
    "rpcSettings" : {
        # /opt/corda/node.conf: 15
        "address" : "0.0.0.0:10003",
        # /opt/corda/node.conf: 16
        "adminAddress" : "0.0.0.0:10004"
    },
    # /opt/corda/node.conf: 18
    "rpcUsers" : [
        # /opt/corda/node.conf: 19
        {
            # /opt/corda/node.conf: 20
            "password" : "a683e3ec-507f-4579-b3c9-0c4099c557e8",
            # /opt/corda/node.conf: 21
            "permissions" : [
                # /opt/corda/node.conf: 22
                "ALL"
            ],
            # /opt/corda/node.conf: 24
            "username" : "cordazoneservice"
        }
    ],
    # /opt/corda/node.conf: 27
    "trustStorePassword" : "reeF2Raakaizeep",
    # web-reference.conf @ jar:file:/root/.capsule/apps/net.corda.webserver.WebServer_3.2-corda/corda-webserver-impl-3.2-corda.jar!/web-reference.conf: 1
    "useHTTPS" : false,
    # /opt/corda/node.conf: 28
    "useTestClock" : false,
    # /opt/corda/node.conf: 29
    "webAddress" : "0.0.0.0:8080"
}
 {}
[INFO ] 2018-08-06T09:42:58,908Z [main] Main.main - Main class: /root/.capsule/apps/net.corda.webserver.WebServer_3.2-corda/corda-webserver-impl-3.2-corda.jar {}
[INFO ] 2018-08-06T09:42:58,961Z [main] Main.main - CommandLine Args: -Xmx200m -XX:+UseG1GC -javaagent:/root/.capsule/apps/net.corda.webserver.WebServer_3.2-corda/quasar-core-0.7.9-jdk8.jar -Dvisualvm.display.name=Corda -Djava.library.path=/usr/java/packages/lib/amd64:/usr/lib64:/lib64:/lib:/usr/lib:/root/.capsule/apps/net.corda.webserver.WebServer_3.2-corda -Dcapsule.app=net.corda.webserver.WebServer_3.2-corda -DWebserver -Dcapsule.dir=/root/.capsule/apps/net.corda.webserver.WebServer_3.2-corda -Dcapsule.jar=/opt/corda/corda-webserver.jar {}
[INFO ] 2018-08-06T09:42:59,110Z [main] Main.main - Application Args:  {}
[INFO ] 2018-08-06T09:42:59,111Z [main] Main.main - bootclasspath: /usr/lib/jvm/java-8-oracle/jre/lib/resources.jar:/usr/lib/jvm/java-8-oracle/jre/lib/rt.jar:/usr/lib/jvm/java-8-oracle/jre/lib/sunrsasign.jar:/usr/lib/jvm/java-8-oracle/jre/lib/jsse.jar:/usr/lib/jvm/java-8-oracle/jre/lib/jce.jar:/usr/lib/jvm/java-8-oracle/jre/lib/charsets.jar:/usr/lib/jvm/java-8-oracle/jre/lib/jfr.jar:/usr/lib/jvm/java-8-oracle/jre/classes {}
[INFO ] 2018-08-06T09:42:59,111Z [main] Main.main - classpath: /opt/corda/corda-webserver.jar:/root/.capsule/apps/net.corda.webserver.WebServer_3.2-corda/corda-rpc-3.2-corda.jar:/root/.capsule/apps/net.corda.webserver.WebServer_3.2-corda/corda-jackson-3.2-corda.jar:/root/.capsule/apps/net.corda.webserver.WebServer_3.2-corda/corda-node-api-3.2-corda.jar:/root/.capsule/apps/net.corda.webserver.WebServer_3.2-corda/corda-core-3.2-corda.jar:/root/.capsule/apps/net.corda.webserver.WebServer_3.2-corda/jetty-webapp-9.4.7.v20170914.jar:/root/.capsule/apps/net.corda.webserver.WebServer_3.2-corda/jetty-servlet-9.4.7.v20170914.jar:/root/.capsule/apps/net.corda.webserver.WebServer_3.2-corda/jersey-container-jetty-http-2.25.jar:/root/.capsule/apps/net.corda.webserver.WebServer_3.2-corda/jetty-security-9.4.7.v20170914.jar:/root/.capsule/apps/net.corda.webserver.WebServer_3.2-corda/jetty-server-9.4.7.v20170914.jar:/root/.capsule/apps/net.corda.webserver.WebServer_3.2-corda/javax.servlet-api-3.1.0.jar:/root/.capsule/apps/net.corda.webserver.WebServer_3.2-corda/commons-fileupload-1.3.3.jar:/root/.capsule/apps/net.corda.webserver.WebServer_3.2-corda/log4j-slf4j-impl-2.9.1.jar:/root/.capsule/apps/net.corda.webserver.WebServer_3.2-corda/log4j-core-2.9.1.jar:/root/.capsule/apps/net.corda.webserver.WebServer_3.2-corda/jopt-simple-5.0.2.jar:/root/.capsule/apps/net.corda.webserver.WebServer_3.2-corda/jetty-continuation-9.4.7.v20170914.jar:/root/.capsule/apps/net.corda.webserver.WebServer_3.2-corda/jersey-container-servlet-core-2.25.jar:/root/.capsule/apps/net.corda.webserver.WebServer_3.2-corda/jersey-server-2.25.jar:/root/.capsule/apps/net.corda.webserver.WebServer_3.2-corda/jersey-media-json-jackson-2.25.jar:/root/.capsule/apps/net.corda.webserver.WebServer_3.2-corda/kotlinx-html-jvm-0.6.3.jar:/root/.capsule/apps/net.corda.webserver.WebServer_3.2-corda/kotlin-stdlib-jre8-1.1.60.jar:/root/.capsule/apps/net.corda.webserver.WebServer_3.2-corda/jackson-module-kotlin-2.9.2.jar:/root/.capsule/apps/net.corda.webserver.WebServer_3.2-corda/kotlin-reflect-1.1.60.jar:/root/.capsule/apps/net.corda.webserver.WebServer_3.2-corda/cordform-common-3.1.0.jar:/root/.capsule/apps/net.corda.webserver.WebServer_3.2-corda/jsr305-3.0.2.jar:/root/.capsule/apps/net.corda.webserver.WebServer_3.2-corda/jcl-over-slf4j-1.7.25.jar:/root/.capsule/apps/net.corda.webserver.WebServer_3.2-corda/slf4j-api-1.7.25.jar:/root/.capsule/apps/net.corda.webserver.WebServer_3.2-corda/rxjava-1.2.4.jar:/root/.capsule/apps/net.corda.webserver.WebServer_3.2-corda/commons-jexl3-3.0.jar:/root/.capsule/apps/net.corda.webserver.WebServer_3.2-corda/jackson-datatype-jsr310-2.9.2.jar:/root/.capsule/apps/net.corda.webserver.WebServer_3.2-corda/jackson-jaxrs-json-provider-2.8.4.jar:/root/.capsule/apps/net.corda.webserver.WebServer_3.2-corda/jackson-jaxrs-base-2.8.4.jar:/root/.capsule/apps/net.corda.webserver.WebServer_3.2-corda/jackson-module-jaxb-annotations-2.8.4.jar:/root/.capsule/apps/net.corda.webserver.WebServer_3.2-corda/jackson-databind-2.9.2.jar:/root/.capsule/apps/net.corda.webserver.WebServer_3.2-corda/eddsa-0.2.0.jar:/root/.capsule/apps/net.corda.webserver.WebServer_3.2-corda/bcpkix-jdk15on-1.57.jar:/root/.capsule/apps/net.corda.webserver.WebServer_3.2-corda/bcprov-jdk15on-1.57.jar:/root/.capsule/apps/net.corda.webserver.WebServer_3.2-corda/hibernate-core-5.2.6.Final.jar:/root/.capsule/apps/net.corda.webserver.WebServer_3.2-corda/hibernate-jpa-2.1-api-1.0.0.Final.jar:/root/.capsule/apps/net.corda.webserver.WebServer_3.2-corda/quasar-core-0.7.9-jdk8.jar:/root/.capsule/apps/net.corda.webserver.WebServer_3.2-corda/jackson-dataformat-yaml-2.9.2.jar:/root/.capsule/apps/net.corda.webserver.WebServer_3.2-corda/artemis-core-client-2.2.0.jar:/root/.capsule/apps/net.corda.webserver.WebServer_3.2-corda/artemis-commons-2.2.0.jar:/root/.capsule/apps/net.corda.webserver.WebServer_3.2-corda/guava-21.0.jar:/root/.capsule/apps/net.corda.webserver.WebServer_3.2-corda/jetty-xml-9.4.7.v20170914.jar:/root/.capsule/apps/net.corda.webserver.WebServer_3.2-corda/jolokia-jsr160-1.6.0.jar:/root/.capsule/apps/net.corda.webserver.WebServer_3.2-corda/jolokia-core-1.6.0.jar:/root/.capsule/apps/net.corda.webserver.WebServer_3.2-corda/commons-io-2.2.jar:/root/.capsule/apps/net.corda.webserver.WebServer_3.2-corda/log4j-api-2.9.1.jar:/root/.capsule/apps/net.corda.webserver.WebServer_3.2-corda/jersey-client-2.25.jar:/root/.capsule/apps/net.corda.webserver.WebServer_3.2-corda/jersey-media-jaxb-2.25.jar:/root/.capsule/apps/net.corda.webserver.WebServer_3.2-corda/jersey-common-2.25.jar:/root/.capsule/apps/net.corda.webserver.WebServer_3.2-corda/jersey-entity-filtering-2.25.jar:/root/.capsule/apps/net.corda.webserver.WebServer_3.2-corda/javax.ws.rs-api-2.0.1.jar:/root/.capsule/apps/net.corda.webserver.WebServer_3.2-corda/javax.annotation-api-1.2.jar:/root/.capsule/apps/net.corda.webserver.WebServer_3.2-corda/hk2-locator-2.5.0-b30.jar:/root/.capsule/apps/net.corda.webserver.WebServer_3.2-corda/hk2-api-2.5.0-b30.jar:/root/.capsule/apps/net.corda.webserver.WebServer_3.2-corda/javax.inject-2.5.0-b30.jar:/root/.capsule/apps/net.corda.webserver.WebServer_3.2-corda/validation-api-1.1.0.Final.jar:/root/.capsule/apps/net.corda.webserver.WebServer_3.2-corda/jetty-http-9.4.7.v20170914.jar:/root/.capsule/apps/net.corda.webserver.WebServer_3.2-corda/jetty-io-9.4.7.v20170914.jar:/root/.capsule/apps/net.corda.webserver.WebServer_3.2-corda/jetty-util-9.4.7.v20170914.jar:/root/.capsule/apps/net.corda.webserver.WebServer_3.2-corda/jackson-annotations-2.9.0.jar:/root/.capsule/apps/net.corda.webserver.WebServer_3.2-corda/kotlin-stdlib-jre7-1.1.60.jar:/root/.capsule/apps/net.corda.webserver.WebServer_3.2-corda/kotlin-stdlib-1.1.60.jar:/root/.capsule/apps/net.corda.webserver.WebServer_3.2-corda/jackson-core-2.9.2.jar:/root/.capsule/apps/net.corda.webserver.WebServer_3.2-corda/hibernate-commons-annotations-5.0.1.Final.jar:/root/.capsule/apps/net.corda.webserver.WebServer_3.2-corda/jboss-logging-3.3.0.Final.jar:/root/.capsule/apps/net.corda.webserver.WebServer_3.2-corda/javassist-3.20.0-GA.jar:/root/.capsule/apps/net.corda.webserver.WebServer_3.2-corda/antlr-2.7.7.jar:/root/.capsule/apps/net.corda.webserver.WebServer_3.2-corda/geronimo-jta_1.1_spec-1.1.1.jar:/root/.capsule/apps/net.corda.webserver.WebServer_3.2-corda/jandex-2.0.3.Final.jar:/root/.capsule/apps/net.corda.webserver.WebServer_3.2-corda/classmate-1.3.0.jar:/root/.capsule/apps/net.corda.webserver.WebServer_3.2-corda/dom4j-1.6.1.jar:/root/.capsule/apps/net.corda.webserver.WebServer_3.2-corda/cdi-api-1.1.jar:/root/.capsule/apps/net.corda.webserver.WebServer_3.2-corda/commons-collections4-4.1.jar:/root/.capsule/apps/net.corda.webserver.WebServer_3.2-corda/commons-beanutils-1.9.3.jar:/root/.capsule/apps/net.corda.webserver.WebServer_3.2-corda/config-1.3.1.jar:/root/.capsule/apps/net.corda.webserver.WebServer_3.2-corda/kryo-serializers-0.41.jar:/root/.capsule/apps/net.corda.webserver.WebServer_3.2-corda/kryo-4.0.0.jar:/root/.capsule/apps/net.corda.webserver.WebServer_3.2-corda/proton-j-0.21.0.jar:/root/.capsule/apps/net.corda.webserver.WebServer_3.2-corda/fast-classpath-scanner-2.12.3.jar:/root/.capsule/apps/net.corda.webserver.WebServer_3.2-corda/snakeyaml-1.18.jar:/root/.capsule/apps/net.corda.webserver.WebServer_3.2-corda/json-simple-1.1.1.jar:/root/.capsule/apps/net.corda.webserver.WebServer_3.2-corda/jersey-guava-2.25.jar:/root/.capsule/apps/net.corda.webserver.WebServer_3.2-corda/osgi-resource-locator-1.0.1.jar:/root/.capsule/apps/net.corda.webserver.WebServer_3.2-corda/hk2-utils-2.5.0-b30.jar:/root/.capsule/apps/net.corda.webserver.WebServer_3.2-corda/aopalliance-repackaged-2.5.0-b30.jar:/root/.capsule/apps/net.corda.webserver.WebServer_3.2-corda/el-api-2.2.jar:/root/.capsule/apps/net.corda.webserver.WebServer_3.2-corda/jboss-interceptors-api_1.1_spec-1.0.0.Beta1.jar:/root/.capsule/apps/net.corda.webserver.WebServer_3.2-corda/jsr250-api-1.0.jar:/root/.capsule/apps/net.corda.webserver.WebServer_3.2-corda/javax.inject-1.jar:/root/.capsule/apps/net.corda.webserver.WebServer_3.2-corda/commons-collections-3.2.2.jar:/root/.capsule/apps/net.corda.webserver.WebServer_3.2-corda/jgroups-3.6.13.Final.jar:/root/.capsule/apps/net.corda.webserver.WebServer_3.2-corda/netty-all-4.1.9.Final.jar:/root/.capsule/apps/net.corda.webserver.WebServer_3.2-corda/geronimo-json_1.0_spec-1.0-alpha-1.jar:/root/.capsule/apps/net.corda.webserver.WebServer_3.2-corda/johnzon-core-0.9.5.jar:/root/.capsule/apps/net.corda.webserver.WebServer_3.2-corda/reflectasm-1.11.3.jar:/root/.capsule/apps/net.corda.webserver.WebServer_3.2-corda/minlog-1.3.0.jar:/root/.capsule/apps/net.corda.webserver.WebServer_3.2-corda/objenesis-2.2.jar:/root/.capsule/apps/net.corda.webserver.WebServer_3.2-corda/asm-5.0.4.jar:/root/.capsule/apps/net.corda.webserver.WebServer_3.2-corda/annotations-13.0.jar:/root/.capsule/apps/net.corda.webserver.WebServer_3.2-corda/corda-webserver-impl-3.2-corda.jar:/root/.capsule/apps/net.corda.webserver.WebServer_3.2-corda/quasar-core-0.7.9-jdk8.jar {}
[INFO ] 2018-08-06T09:42:59,113Z [main] Main.main - VM Java HotSpot(TM) 64-Bit Server VM Oracle Corporation 25.144-b01 {}
[INFO ] 2018-08-06T09:42:59,113Z [main] Main.main - Machine: ip-172-31-11-182 {}
[INFO ] 2018-08-06T09:42:59,113Z [main] Main.main - Working Directory: /opt/corda {}
[INFO ] 2018-08-06T09:43:00,229Z [main] Main.main - Starting as webserver on 0.0.0.0:8080 {}
[INFO ] 2018-08-06T09:43:00,297Z [main] BasicInfo.logAndMaybePrint - Starting as webserver: 0.0.0.0:8080 {}
[INFO ] 2018-08-06T09:43:00,525Z [main] internal.NodeWebServer.connectLocalRpcAsNodeUser - Connecting to node at 0.0.0.0:10003 as User(cordazoneservice, permissions=[ALL]) {}
[INFO ] 2018-08-06T09:43:02,018Z [main] internal.RPCClient.logElapsedTime - Startup took 1146 msec {}
[INFO ] 2018-08-06T09:43:03,019Z [main] internal.NodeWebServer.connectLocalRpcAsNodeUser - Connecting to node at 0.0.0.0:10003 as User(cordazoneservice, permissions=[ALL]) {}
[INFO ] 2018-08-06T09:43:03,024Z [main] internal.RPCClient.logElapsedTime - Startup took 5 msec {}
[INFO ] 2018-08-06T09:43:04,025Z [main] internal.NodeWebServer.connectLocalRpcAsNodeUser - Connecting to node at 0.0.0.0:10003 as User(cordazoneservice, permissions=[ALL]) {}
[INFO ] 2018-08-06T09:43:04,029Z [main] internal.RPCClient.logElapsedTime - Startup took 2 msec {}
[INFO ] 2018-08-06T09:43:05,030Z [main] internal.NodeWebServer.connectLocalRpcAsNodeUser - Connecting to node at 0.0.0.0:10003 as User(cordazoneservice, permissions=[ALL]) {}
[INFO ] 2018-08-06T09:43:05,034Z [main] internal.RPCClient.logElapsedTime - Startup took 4 msec {}
[INFO ] 2018-08-06T09:43:06,035Z [main] internal.NodeWebServer.connectLocalRpcAsNodeUser - Connecting to node at 0.0.0.0:10003 as User(cordazoneservice, permissions=[ALL]) {}
[INFO ] 2018-08-06T09:43:06,039Z [main] internal.RPCClient.logElapsedTime - Startup took 3 msec {}
[INFO ] 2018-08-06T09:43:07,039Z [main] internal.NodeWebServer.connectLocalRpcAsNodeUser - Connecting to node at 0.0.0.0:10003 as User(cordazoneservice, permissions=[ALL]) {}
[INFO ] 2018-08-06T09:43:08,486Z [main] internal.RPCClient.logElapsedTime - Startup took 1445 msec {}
[INFO ] 2018-08-06T09:43:08,509Z [main] util.log.initialized - Logging initialized @12277ms to org.eclipse.jetty.util.log.Slf4jLog {}
[INFO ] 2018-08-06T09:43:09,401Z [main] server.Server.doStart - jetty-9.4.7.v20170914 {}
[INFO ] 2018-08-06T09:43:10,358Z [main] handler.ContextHandler.doStart - Started o.e.j.s.ServletContextHandler@5b16e486{/,null,AVAILABLE} {}
[INFO ] 2018-08-06T09:43:10,378Z [main] server.AbstractConnector.doStart - Started ServerConnector@2ecd2aa4{HTTP/1.1,[http/1.1]}{0.0.0.0:8080} {}
[INFO ] 2018-08-06T09:43:10,379Z [main] server.Server.doStart - Started @14150ms {}
[INFO ] 2018-08-06T09:43:10,379Z [main] internal.NodeWebServer.initWebServer - Starting webserver on address 0.0.0.0:8080 {}
